autoscan: warning: missing AC_CHECK_FUNCS([bzero]) wanted by: 
	src/communication/Emrc_Udp.c:13
	src/communication/Emrc_Udp.c:21
	src/communication/Udp.c:46
	src/communication/Udp.c:52
	src/communication/Udp.c:57
	src/csc_rhy_dll/csc_rhy_dll/dal_imf.c:108
	src/csc_rhy_dll/csc_rhy_dll/MIF_Interface.c:126
	src/dev/i_dev_led.c:129
	src/global/imf.c:93
	src/lib_rhy/lib_rhy/common_rhy.c:22
	src/lib_rhy/lib_rhy/dal_cicm_dll.c:124
	src/lib_rhy/lib_rhy/MIF_Interface.c:122
	src/SubProgarm/Sync.c:93
	src/SubProgarm/Sync.c:97
	src/Test/AutoRunWorkFlow.c:150
	src/Test/AutoRunWorkFlow.c:245
autoscan: warning: missing AC_CHECK_FUNCS([memset]) wanted by: 
	src/communication/EmrcSocket.c:219
	src/communication/EmrcSocket.c:237
	src/communication/EmrcSocket.c:238
	src/communication/EmrcSocket.c:244
	src/communication/MessageBuild.c:19
	src/communication/MessageBuild.c:23
	src/communication/MessageBuild.c:83
	src/communication/MessageBuild.c:107
	src/communication/MessageBuild.c:108
	src/communication/MessageHandl.c:33
	src/communication/MessageHandl.c:51
	src/communication/RecvMessageDataHandl.c:21
	src/communication/RecvMessageDataHandl.c:42
	src/communication/RecvMessageDataHandl.c:189
	src/communication/RecvMessageDataHandl.c:201
	src/communication/Udp.c:16
	src/csc_rhy_dll/csc_rhy_dll/3des.c:422
	src/csc_rhy_dll/csc_rhy_dll/3des.c:430
	src/csc_rhy_dll/csc_rhy_dll/dal_imf.c:180
	src/csc_rhy_dll/csc_rhy_dll/dal_imf.c:256
	src/csc_rhy_dll/csc_rhy_dll/dal_imf.c:279
	src/csc_rhy_dll/csc_rhy_dll/dal_imf.c:309
	src/csc_rhy_dll/csc_rhy_dll/dal_imf.c:325
	src/csc_rhy_dll/csc_rhy_dll/dal_imf.c:337
	src/csc_rhy_dll/csc_rhy_dll/dal_imf.c:368
	src/csc_rhy_dll/csc_rhy_dll/dal_imf.c:371
	src/csc_rhy_dll/csc_rhy_dll/dal_imf.c:376
	src/csc_rhy_dll/csc_rhy_dll/dal_imf.c:396
	src/csc_rhy_dll/csc_rhy_dll/dal_imf.c:402
	src/csc_rhy_dll/csc_rhy_dll/dal_imf.c:415
	src/csc_rhy_dll/csc_rhy_dll/dal_imf.c:450
	src/csc_rhy_dll/csc_rhy_dll/dal_imf.c:491
	src/csc_rhy_dll/csc_rhy_dll/dal_imf.c:505
	src/csc_rhy_dll/csc_rhy_dll/dal_imf.c:511
	src/csc_rhy_dll/csc_rhy_dll/dal_imf.c:515
	src/csc_rhy_dll/csc_rhy_dll/dal_imf.c:534
	src/csc_rhy_dll/csc_rhy_dll/dal_imf.c:540
	src/csc_rhy_dll/csc_rhy_dll/dal_imf.c:551
	src/csc_rhy_dll/csc_rhy_dll/dal_imf.c:599
	src/csc_rhy_dll/csc_rhy_dll/dal_imf.c:609
	src/csc_rhy_dll/csc_rhy_dll/dal_imf.c:617
	src/csc_rhy_dll/csc_rhy_dll/dal_imf.c:635
	src/csc_rhy_dll/csc_rhy_dll/dal_imf.c:649
	src/csc_rhy_dll/csc_rhy_dll/i_dev_ic.c:106
	src/csc_rhy_dll/csc_rhy_dll/i_dev_ic.c:123
	src/csc_rhy_dll/csc_rhy_dll/i_dev_ic.c:134
	src/csc_rhy_dll/csc_rhy_dll/i_dev_ic.c:145
	src/csc_rhy_dll/csc_rhy_dll/i_dev_ic.c:152
	src/csc_rhy_dll/csc_rhy_dll/i_dev_ic.c:155
	src/csc_rhy_dll/csc_rhy_dll/i_dev_ic.c:171
	src/csc_rhy_dll/csc_rhy_dll/i_dev_ic.c:172
	src/csc_rhy_dll/csc_rhy_dll/i_dev_ic.c:173
	src/csc_rhy_dll/csc_rhy_dll/i_dev_ic.c:186
	src/csc_rhy_dll/csc_rhy_dll/i_dev_ic.c:187
	src/csc_rhy_dll/csc_rhy_dll/i_dev_ic.c:188
	src/csc_rhy_dll/csc_rhy_dll/i_dev_ic.c:189
	src/csc_rhy_dll/csc_rhy_dll/i_dev_ic.c:190
	src/csc_rhy_dll/csc_rhy_dll/i_dev_ic.c:210
	src/csc_rhy_dll/csc_rhy_dll/i_dev_ic.c:217
	src/csc_rhy_dll/csc_rhy_dll/i_dev_ic.c:227
	src/csc_rhy_dll/csc_rhy_dll/i_dev_ic.c:228
	src/csc_rhy_dll/csc_rhy_dll/i_dev_ic.c:235
	src/csc_rhy_dll/csc_rhy_dll/i_dev_ic.c:236
	src/csc_rhy_dll/csc_rhy_dll/i_dev_ic.c:244
	src/csc_rhy_dll/csc_rhy_dll/i_dev_ic.c:248
	src/csc_rhy_dll/csc_rhy_dll/i_dev_ic.c:249
	src/csc_rhy_dll/csc_rhy_dll/i_dev_ic.c:255
	src/csc_rhy_dll/csc_rhy_dll/i_dev_ic.c:261
	src/csc_rhy_dll/csc_rhy_dll/i_dev_ic.c:284
	src/csc_rhy_dll/csc_rhy_dll/i_dev_ic.c:306
	src/csc_rhy_dll/csc_rhy_dll/i_dev_ic.c:307
	src/csc_rhy_dll/csc_rhy_dll/i_dev_ic.c:330
	src/csc_rhy_dll/csc_rhy_dll/i_dev_ic.c:351
	src/csc_rhy_dll/csc_rhy_dll/i_dev_ic.c:352
	src/csc_rhy_dll/csc_rhy_dll/i_dev_ic.c:353
	src/csc_rhy_dll/csc_rhy_dll/mac.c:126
	src/csc_rhy_dll/csc_rhy_dll/mac.c:127
	src/csc_rhy_dll/csc_rhy_dll/mac.c:201
	src/csc_rhy_dll/csc_rhy_dll/mac.c:202
	src/csc_rhy_dll/csc_rhy_dll/mac.c:203
	src/csc_rhy_dll/csc_rhy_dll/mac.c:298
	src/csc_rhy_dll/csc_rhy_dll/mac.c:389
	src/csc_rhy_dll/csc_rhy_dll/MIF_Interface.c:273
	src/csc_rhy_dll/csc_rhy_dll/MIF_Interface.c:395
	src/csc_rhy_dll/csc_rhy_dll/MIF_Interface.c:404
	src/csc_rhy_dll/csc_rhy_dll/MIF_Interface.c:428
	src/csc_rhy_dll/csc_rhy_dll/MIF_Interface.c:615
	src/csc_rhy_dll/csc_rhy_dll/MIF_Interface.c:626
	src/csc_rhy_dll/csc_rhy_dll/MIF_Interface.c:701
	src/csc_rhy_dll/csc_rhy_dll/MIF_Interface.c:717
	src/dev/device.c:48
	src/dev/device.c:52
	src/dev/i_dev_ic.c:74
	src/dev/i_dev_ic.c:87
	src/dev/i_dev_ic.c:88
	src/dev/i_dev_keyboard.c:47
	src/dev/i_dev_keyboard.c:175
	src/dev/i_dev_keyboard.c:192
	src/dev/i_dev_KK_print.c:39
	src/dev/i_dev_KK_print.c:45
	src/dev/i_dev_KK_print.c:53
	src/dev/i_dev_KK_print.c:58
	src/dev/i_dev_KK_print.c:74
	src/dev/i_dev_KK_print.c:78
	src/dev/i_dev_KK_print.c:102
	src/dev/i_dev_KK_print.c:143
	src/dev/i_dev_KK_print.c:147
	src/dev/i_dev_KK_print.c:154
	src/dev/i_dev_KK_print.c:156
	src/dev/i_dev_KK_print.c:159
	src/dev/i_dev_KK_print.c:162
	src/dev/i_dev_led.c:295
	src/dev/i_dev_led.c:305
	src/dev/i_dev_led.c:306
	src/dev/i_dev_led.c:307
	src/dev/i_dev_printer.c:32
	src/dev/i_dev_printer.c:36
	src/dev/i_dev_printer.c:44
	src/dev/i_dev_printer.c:50
	src/dev/i_dev_printer.c:64
	src/dev/i_dev_printer.c:69
	src/dev/i_dev_printer.c:94
	src/dev/i_dev_printer.c:135
	src/dev/i_dev_printer.c:139
	src/dev/i_dev_printer.c:146
	src/dev/i_dev_printer.c:148
	src/dev/i_dev_printer.c:151
	src/dev/i_dev_printer.c:154
	src/dev/i_dev_TFI_KK.c:50
	src/dev/i_dev_TFI_KK.c:77
	src/dev/i_dev_TFI_KK.c:119
	src/dev/i_dev_vdm.c:8
	src/dev/i_dev_vdm.c:9
	src/dev/i_dev_vdm.c:110
	src/dev/i_dev_vdm.c:125
	src/dev/i_dev_vdm.c:151
	src/dev/i_dev_vdm.c:159
	src/dev/i_dev_vdm.c:167
	src/dev/i_dev_vdm.c:175
	src/dev/s303_printer.c:28
	src/dev/s303_printer.c:32
	src/dev/s303_printer.c:40
	src/dev/s303_printer.c:46
	src/dev/s303_printer.c:60
	src/dev/s303_printer.c:65
	src/dev/s303_printer.c:90
	src/dev/s303_printer.c:129
	src/dev/s303_printer.c:133
	src/dev/s303_printer.c:140
	src/dev/s303_printer.c:142
	src/dev/s303_printer.c:145
	src/dev/s303_printer.c:148
	src/global/3des.c:416
	src/global/3des.c:424
	src/global/common_ic_methods.c:27
	src/global/common_ic_methods.c:48
	src/global/common_ic_methods.c:63
	src/global/common_ic_methods.c:91
	src/global/common_ic_methods.c:106
	src/global/common_ic_methods.c:111
	src/global/common_ic_methods.c:117
	src/global/common_ic_methods.c:123
	src/global/common_ic_methods.c:129
	src/global/common_ic_methods.c:135
	src/global/common_ic_methods.c:141
	src/global/common_ic_methods.c:147
	src/global/common_ic_methods.c:153
	src/global/common_ic_methods.c:159
	src/global/common_ic_methods.c:165
	src/global/common_ic_methods.c:171
	src/global/common_ic_methods.c:177
	src/global/common_ic_methods.c:183
	src/global/common_ic_methods.c:189
	src/global/common_ic_methods.c:195
	src/global/common_ic_methods.c:201
	src/global/common_ic_methods.c:221
	src/global/common_ic_methods.c:222
	src/global/common_ic_methods.c:232
	src/global/common_ic_methods.c:278
	src/global/common_ic_methods.c:303
	src/global/common_ic_methods.c:304
	src/global/common_ic_methods.c:305
	src/global/common_ic_methods.c:306
	src/global/common_ic_methods.c:307
	src/global/common_ic_methods.c:308
	src/global/common_ic_methods.c:309
	src/global/common_ic_methods.c:310
	src/global/common_ic_methods.c:311
	src/global/common_ic_methods.c:312
	src/global/common_ic_methods.c:314
	src/global/common_ic_methods.c:319
	src/global/common_ic_methods.c:327
	src/global/common_ic_methods.c:331
	src/global/common_ic_methods.c:343
	src/global/common_ic_methods.c:349
	src/global/common_ic_methods.c:353
	src/global/common_ic_methods.c:357
	src/global/common_ic_methods.c:361
	src/global/common_ic_methods.c:365
	src/global/common_ic_methods.c:397
	src/global/common_ic_methods.c:398
	src/global/common_ic_methods.c:399
	src/global/common_ic_methods.c:400
	src/global/common_ic_methods.c:401
	src/global/common_ic_methods.c:402
	src/global/common_ic_methods.c:403
	src/global/common_ic_methods.c:405
	src/global/common_ic_methods.c:407
	src/global/common_ic_methods.c:415
	src/global/common_ic_methods.c:419
	src/global/common_ic_methods.c:424
	src/global/common_ic_methods.c:427
	src/global/common_ic_methods.c:430
	src/global/common_ic_methods.c:435
	src/global/common_ic_methods.c:438
	src/global/common_ic_methods.c:441
	src/global/common_ic_methods.c:446
	src/global/common_ic_methods.c:449
	src/global/common_ic_methods.c:452
	src/global/common_ic_methods.c:457
	src/global/common_ic_methods.c:460
	src/global/common_ic_methods.c:463
	src/global/common_ic_methods.c:468
	src/global/common_ic_methods.c:473
	src/global/common_ic_methods.c:478
	src/global/common_ic_methods.c:486
	src/global/common_ic_methods.c:493
	src/global/common_ic_methods.c:499
	src/global/common_ic_methods.c:523
	src/global/common_ic_methods.c:524
	src/global/common_ic_methods.c:525
	src/global/common_ic_methods.c:526
	src/global/common_ic_methods.c:528
	src/global/common_ic_methods.c:529
	src/global/common_ic_methods.c:538
	src/global/common_ic_methods.c:543
	src/global/common_ic_methods.c:546
	src/global/common_ic_methods.c:551
	src/global/common_ic_methods.c:554
	src/global/common_ic_methods.c:562
	src/global/common_ic_methods.c:566
	src/global/common_ic_methods.c:583
	src/global/common_ic_methods.c:584
	src/global/common_ic_methods.c:585
	src/global/common_ic_methods.c:587
	src/global/common_ic_methods.c:590
	src/global/common_ic_methods.c:594
	src/global/common_ic_methods.c:598
	src/global/common_ic_methods.c:600
	src/global/common_main.c:20
	src/global/common_main.c:173
	src/global/common_main.c:245
	src/global/common_main.c:246
	src/global/common_main.c:247
	src/global/common_main.c:328
	src/global/common_main.c:343
	src/global/common_main.c:440
	src/global/common_main.c:490
	src/global/common_main.c:495
	src/global/common_main.c:526
	src/global/common_main.c:527
	src/global/common_main.c:528
	src/global/common_main.c:547
	src/global/FileOperator.c:26
	src/global/imf.c:163
	src/global/imf.c:189
	src/global/imf.c:209
	src/global/imf.c:240
	src/global/imf.c:252
	src/global/imf.c:277
	src/global/imf.c:280
	src/global/imf.c:285
	src/global/imf.c:305
	src/global/imf.c:310
	src/global/imf.c:332
	src/global/imf.c:351
	src/global/imf.c:363
	src/global/imf.c:369
	src/global/imf.c:373
	src/global/imf.c:392
	src/global/imf.c:398
	src/global/imf.c:409
	src/global/imf.c:440
	src/global/imf.c:448
	src/global/imf.c:462
	src/global/imf.c:491
	src/global/imf.c:496
	src/global/mac.c:126
	src/global/mac.c:127
	src/global/mac.c:201
	src/global/mac.c:202
	src/global/mac.c:203
	src/global/mac.c:298
	src/global/mac.c:388
	src/lib_rhy/lib_rhy/dal_cicm_dll.c:292
	src/lib_rhy/lib_rhy/dal_cicm_dll.c:299
	src/lib_rhy/lib_rhy/MIF_Interface.c:227
	src/lib_rhy/lib_rhy/MIF_Interface.c:496
	src/lib_rhy/lib_rhy/MIF_Interface.c:531
	src/logc/LogC.c:57
	src/logc/LogC.c:62
	src/logc/LogC.c:66
	src/logc/LogC.c:89
	src/messageBody/ExitBS.c:7
	src/messageBody/ExitEI.c:6
	src/messageBody/ExitES.c:14
	src/messageBody/ExitES.c:393
	src/messageBody/ExitHt.c:18
	src/messageBody/ExitTR.c:6
	src/messageBody/ExitVI.c:6
	src/messageBody/LaneInfo.c:6
	src/messageBody/MsgAK.c:10
	src/messageBody/MsgEI.c:10
	src/messageBody/MsgEM.c:10
	src/messageBody/MsgGR.c:11
	src/messageBody/MsgInfo.c:6
	src/messageBody/MsgOF.c:11
	src/messageBody/MsgRevsion.c:21
	src/messageBody/SendMsg.c:129
	src/messageBody/SendMsg.c:221
	src/messageBody/SendMsg.c:226
	src/messageBody/SendMsg.c:284
	src/messageBody/SendMsg.c:342
	src/messageBody/SendMsg.c:422
	src/messageBody/SendMsg.c:429
	src/messageBody/SendMsg.c:466
	src/parameter/ParameterCarClass.c:7
	src/parameter/parameterCarKind.c:58
	src/parameter/parameterCarKind.c:67
	src/parameter/parameterCarKind.c:75
	src/parameter/parameterCarKind.c:100
	src/parameter/parameterCarKind.c:110
	src/parameter/parameterCarKind.c:128
	src/parameter/parameterCarKind.c:153
	src/parameter/ParameterFareList.c:34
	src/parameter/ParameterFareList.c:90
	src/parameter/ParameterFareList.c:91
	src/parameter/ParameterFareList.c:99
	src/parameter/ParameterLaneNo.c:6
	src/parameter/ParameterPlaza.c:6
	src/parameter/ParameterStaff.c:6
	src/parameter/ParameterTable.c:48
	src/parameter/ParameterTable.c:49
	src/parameter/ParameterYHKList.c:46
	src/parameter/ParameterYHKList.c:103
	src/parameter/ParameterYHKList.c:120
	src/parameter/ParameterYHRateDescription.c:36
	src/parameter/ParameterYHRateDescription.c:61
	src/parameter/ParameterYHRateDescription.c:84
	src/parameter/ParameterYHRateDescription.c:108
	src/parameter/ParameterYHRateDescription.c:111
	src/parameter/ParameterYPKList.c:77
	src/parameter/ParameterYPKList.c:96
	src/SQLite/EmrcDBOperator.c:61
	src/SubProgarm/LsFile.c:23
	src/SubProgarm/Sync.c:37
	src/SubProgarm/Sync.c:67
	src/SubProgarm/Sync.c:71
	src/SubProgarm/Sync.c:120
	src/SubProgarm/Sync.c:121
	src/SubProgarm/Sync.c:134
	src/SubProgarm/Sync.c:135
	src/SubProgarm/Sync.c:150
	src/SubProgarm/Sync.c:151
	src/SubProgarm/Sync.c:183
	src/SubProgarm/Sync.c:184
	src/SubProgarm/Sync.c:189
	src/SubProgarm/Sync.c:211
	src/SubProgarm/Sync.c:212
	src/SubProgarm/Sync.c:213
	src/SubProgarm/Sync.c:373
	src/SubProgarm/Sync.c:374
	src/SubProgarm/Sync.c:390
	src/SubProgarm/Sync.c:407
	src/SubProgarm/Sync.c:414
	src/SubProgarm/Sync.c:422
	src/SubProgarm/Uploader.c:17
	src/SubProgarm/Uploader.c:19
	src/SubProgarm/Uploader.c:51
	src/SubProgarm/Uploader.c:52
	src/sysconfig/AppFunctionConfig.c:111
	src/sysconfig/CommunctionConfig.c:50
	src/sysconfig/CommunctionConfig.c:57
	src/sysconfig/CommunctionConfig.c:101
	src/sysconfig/CommunctionConfig.c:102
	src/sysconfig/LanConfig.c:38
	src/sysconfig/LanConfig.c:75
	src/sysconfig/LanConfig.c:227
	src/sysconfig/LanConfig.c:241
	src/sysconfig/ParameterFileList.c:21
	src/systemcontext/CardContext.c:70
	src/systemcontext/CardContext.c:87
	src/systemcontext/CardContext.c:121
	src/systemcontext/CardContext.c:207
	src/systemcontext/CardContext.c:374
	src/systemcontext/CardContext.c:456
	src/systemcontext/CardContext.c:573
	src/systemcontext/CardContext.c:671
	src/systemcontext/CardContext.c:672
	src/systemcontext/CarInfoContext.c:228
	src/systemcontext/CarInfoContext.c:288
	src/systemcontext/CarInfoContext.c:353
	src/systemcontext/CarInfoContext.c:398
	src/systemcontext/CarInfoContext.c:428
	src/systemcontext/CarInfoContext.c:449
	src/systemcontext/CarInfoContext.c:492
	src/systemcontext/CarInfoContext.c:497
	src/systemcontext/CarInfoContext.c:528
	src/systemcontext/CarInfoContext.c:548
	src/systemcontext/CarInfoContext.c:575
	src/systemcontext/CarInfoContext.c:576
	src/systemcontext/CarInfoContext.c:577
	src/systemcontext/CarInfoContext.c:600
	src/systemcontext/CarInfoContext.c:643
	src/systemcontext/CarInfoContext.c:713
	src/systemcontext/CarInfoContext.c:777
	src/systemcontext/CarInfoContext.c:789
	src/systemcontext/CarInfoContext.c:795
	src/systemcontext/ClearDebtTmp.c:6
	src/systemcontext/DeviceContext.c:85
	src/systemcontext/DeviceContext.c:175
	src/systemcontext/Image.c:6
	src/systemcontext/Image.c:190
	src/systemcontext/Image.c:191
	src/systemcontext/Image.c:192
	src/systemcontext/Image.c:237
	src/systemcontext/Image.c:238
	src/systemcontext/Image.c:239
	src/systemcontext/Image.c:240
	src/systemcontext/Image.c:370
	src/systemcontext/LaneContext.c:16
	src/systemcontext/LaneContext.c:34
	src/systemcontext/systemContext.c:175
	src/systemcontext/systemContext.c:217
	src/systemcontext/systemContext.c:379
	src/systemcontext/systemContext.c:380
	src/systemcontext/systemContext.c:381
	src/systemcontext/systemContext.c:382
	src/systemcontext/systemContext.c:383
	src/systemcontext/systemContext.c:384
	src/systemcontext/systemContext.c:386
	src/systemcontext/systemContext.c:387
	src/systemcontext/systemContext.c:388
	src/systemcontext/systemContext.c:389
	src/systemcontext/systemContext.c:390
	src/systemcontext/systemContext.c:391
	src/systemcontext/systemContext.c:392
	src/systemcontext/systemContext.c:393
	src/systemcontext/systemContext.c:459
	src/systemcontext/systemContext.c:525
	src/systemcontext/systemContext.c:584
	src/systemcontext/systemContext.c:685
	src/systemcontext/systemContext.c:724
	src/systemcontext/systemContext.c:736
	src/systemcontext/systemContext.c:737
	src/systemcontext/UserContext.c:118
	src/systemcontext/UserContext.c:124
	src/systemcontext/UserContext.c:140
	src/systemcontext/UserContext.c:171
	src/systemcontext/UserContext.c:229
	src/systemcontext/UserContext.c:231
	src/ui/opinionValidateInformation.c:61
	src/ui/opinionValidateInformation.c:62
	src/ui/opinionValidateInformation.c:66
	src/ui/opinionValidateInformation.c:157
	src/ui/opinionValidateInformation.c:158
	src/ui/opinionValidateInformation.c:198
	src/ui/opinionValidateInformation.c:246
	src/ui/opinionValidateInformation.c:291
	src/ui/opinionValidateInformation.c:309
	src/ui/opinionValidateInformation.c:310
	src/ui/opinionValidateInformation.c:311
	src/ui/opinionValidateInformation.c:312
	src/ui/opinionValidateInformation.c:360
	src/ui/opinionValidateInformation.c:362
	src/ui/opinionValidateInformation.c:367
	src/ui/opinionValidateInformation.c:370
	src/workflow/init.c:110
	src/workflow/init.c:171
	src/workflow/setWorkState.c:77
	src/workflow/setWorkState.c:84
	src/workflow/setWorkState.c:86
	src/workflow/setWorkState.c:266
	src/workflow/setWorkState.c:276
	src/workflow/setWorkState.c:278
	src/workflow/setWorkState.c:346
	src/workflow/setWorkState.c:485
	src/workflow/setWorkState.c:691
	src/workflow/setWorkState.c:705
	src/workflow/setWorkState.c:717
	src/workflow/setWorkState.c:720
	src/workflow/setWorkState.c:779
	src/workflow/setWorkState.c:780
	src/workflow/setWorkState.c:867
	src/workflow/setWorkState.c:869
	src/workflow/wf_ic.c:88
	src/workflow/wf_ic.c:118
	src/workflow/wf_ic.c:121
	src/workflow/wf_ic.c:129
	src/workflow/wf_ic.c:144
	src/workflow/wf_ic.c:147
	src/workflow/wf_ic.c:161
	src/workflow/wf_ioboard.c:72
	src/workflow/wf_printer.c:20
	src/workflow/wf_printer.c:83
	src/workflow/wf_printer.c:106
	src/workflow/workstate_Lstdnyc.c:9
	src/workflow/workstate_main.c:606
	src/workflow/workstate_Month_Abate.c:102
	src/workflow/workstate_Month_Abate.c:103
	src/workflow/workstate_Month_Abate.c:121
	src/workflow/workstate_Month_Abate.c:122
	src/workflow/workstate_team.c:512
autoscan: warning: missing AC_CHECK_FUNCS([socket]) wanted by: 
	src/communication/EmrcSocket.c:32
	src/communication/Emrc_Udp.c:6
autoscan: warning: missing AC_CHECK_FUNCS([strchr]) wanted by: 
	src/dev/i_dev_keyboard.c:196
	src/dev/i_dev_keyboard.c:197
	src/global/common_main.c:175
	src/global/common_main.c:176
	src/workflow/init.c:99
	src/workflow/init.c:100
autoscan: warning: missing AC_CHECK_FUNCS([strerror]) wanted by: 
	src/lib_rhy/lib_rhy/MIF_Interface.c:446
	src/lib_rhy/lib_rhy/MIF_Interface.c:453
	src/lib_rhy/lib_rhy/MIF_Interface.c:479
	src/lib_rhy/lib_rhy/MIF_Interface.c:480
autoscan: warning: missing AC_CHECK_FUNCS([strstr]) wanted by: 
	src/dev/device.c:89
	src/dev/device.c:97
	src/dev/device.c:100
	src/dev/device.c:108
	src/dev/device.c:110
	src/dev/device.c:119
	src/dev/device.c:131
	src/dev/device.c:137
	src/dev/i_dev_keyboard.c:193
	src/global/common_main.c:174
	src/messageBody/SendMsg.c:330
	src/messageBody/SendMsg.c:537
	src/parameter/ParameterTable.c:24
	src/SubProgarm/ClearAndArchiveData.c:70
	src/SubProgarm/ClearAndArchiveData.c:71
	src/SubProgarm/ClearAndArchiveData.c:73
	src/SubProgarm/Sync.c:166
	src/SubProgarm/Sync.c:237
	src/SubProgarm/Sync.c:251
	src/SubProgarm/Sync.c:264
	src/SubProgarm/Sync.c:278
	src/SubProgarm/Sync.c:291
	src/SubProgarm/Sync.c:304
	src/SubProgarm/Sync.c:317
	src/SubProgarm/Sync.c:330
	src/SubProgarm/Uploader.c:49
	src/workflow/init.c:98
autoscan: warning: missing AC_CHECK_FUNCS([strtoul]) wanted by: 
	src/csc_rhy_dll/csc_rhy_dll/dal_imf.c:215
	src/csc_rhy_dll/csc_rhy_dll/MIF_Interface.c:547
	src/lib_rhy/lib_rhy/MIF_Interface.c:373
autoscan: warning: missing AC_CHECK_HEADERS([fcntl.h]) wanted by: 
	src/csc_rhy_dll/csc_rhy_dll/linux_include.h:28
	src/global/include/linux_include.h:24
	src/global/include/linux_include.h:35
	src/lib_rhy/lib_rhy/common_rhy.c:6
	src/lib_rhy/lib_rhy/dal_cicm_dll.c:13
	src/lib_rhy/lib_rhy/IO_Board_lib.c:10
	src/lib_rhy/lib_rhy/MIF_Interface.c:20
autoscan: warning: missing AC_CHECK_HEADERS([limits.h]) wanted by: 
	src/global/include/linux_include.h:48
autoscan: warning: missing AC_CHECK_HEADERS([malloc.h]) wanted by: 
	src/csc_rhy_dll/csc_rhy_dll/linux_include.h:18
	src/global/include/linux_include.h:18
autoscan: warning: missing AC_CHECK_HEADERS([netinet/in.h]) wanted by: 
	src/global/include/linux_include.h:54
autoscan: warning: missing AC_CHECK_HEADERS([sys/ioctl.h]) wanted by: 
	src/csc_rhy_dll/csc_rhy_dll/linux_include.h:17
	src/global/include/linux_include.h:17
	src/lib_rhy/lib_rhy/dal_cicm_dll.c:9
	src/lib_rhy/lib_rhy/IO_Board_lib.c:6
autoscan: warning: missing AC_CHECK_HEADERS([sys/socket.h]) wanted by: 
	src/global/include/linux_include.h:53
autoscan: warning: missing AC_CHECK_HEADERS([sys/timeb.h]) wanted by: 
	src/csc_rhy_dll/csc_rhy_dll/linux_include.h:13
	src/global/include/linux_include.h:11
autoscan: warning: missing AC_CHECK_HEADERS([syslog.h]) wanted by: 
	src/lib_rhy/lib_rhy/dal_cicm_dll.c:14
	src/lib_rhy/lib_rhy/IO_Board_lib.c:11
	src/lib_rhy/lib_rhy/MIF_Interface.c:28
autoscan: warning: missing AC_CHECK_HEADERS([termios.h]) wanted by: 
	src/csc_rhy_dll/csc_rhy_dll/linux_include.h:29
	src/global/include/linux_include.h:36
	src/lib_rhy/lib_rhy/common_rhy.c:5
	src/lib_rhy/lib_rhy/dal_cicm_dll.c:15
	src/lib_rhy/lib_rhy/MIF_Interface.c:26
autoscan: warning: missing AC_C_INLINE wanted by: 
	src/messageBody/ExitES.c:4
	src/ui/opinionValidateInformation.c:264
autoscan: warning: missing AC_FUNC_MALLOC wanted by: 
	src/dev/i_dev_ioboard.c:214
	src/dev/VideoCaptureImage.c:22
	src/dev/VideoCaptureImage.c:23
	src/global/FileOperator.c:25
	src/messageBody/SendMsg.c:428
	src/SubProgarm/LsFile.c:22
	src/ui/mmi.c:78
autoscan: warning: missing AC_FUNC_MKTIME wanted by: 
	src/global/common_main.c:211
	src/global/common_main.c:213
	src/global/common_main.c:230
	src/systemcontext/systemContext.c:422
	src/systemcontext/systemContext.c:423
autoscan: warning: missing AC_FUNC_MMAP wanted by: 
	src/dev/MemSyncFile.c:25
	src/dev/MemSyncFile.c:41
	src/dev/MemSyncFile.c:56
	src/dev/MemSyncFile.c:68
	src/SubProgarm/LsFile.c:39
	src/SubProgarm/LsFile.c:220
	src/SubProgarm/LsFile.c:364
	src/SubProgarm/LsFile.c:377
	src/SubProgarm/LsFile.c:412
	src/SubProgarm/LsFile.c:425
	src/systemcontext/Image.c:182
autoscan: warning: missing AC_HEADER_STDBOOL wanted by: 
	src/csc_rhy_dll/csc_rhy_dll/dal_imf.c:569
autoscan: warning: missing AC_PROG_CXX wanted by: 
	build.sh:4
	ltmain.sh:677
	ltmain.sh:1014
	ltmain.sh:1021
	ltmain.sh:1021
	ltmain.sh:1021
	ltmain.sh:1021
	ltmain.sh:1030
	ltmain.sh:1036
	ltmain.sh:1036
	ltmain.sh:1036
	ltmain.sh:1036
	src/NewPanel.cpp
autoscan: warning: missing AC_PROG_LN_S wanted by: 
	ltmain.sh:1301
	ltmain.sh:7427
autoscan: warning: missing AC_PROG_RANLIB wanted by: 
	build.sh:8
	ltmain.sh:1600
